<?xml version="1.0" encoding="UTF-8"?>
<!-- Generated by org.testng.reporters.JUnitReportReporter -->
<testsuite hostname="DU1LSITA112PPH" failures="0" tests="1" name="selenium4features.InterceptNetworkTrafficLogs" time="8.830" errors="0" timestamp="2023-04-05T15:09:00 IST" skipped="0">
  <testcase classname="selenium4features.InterceptNetworkTrafficLogs" name="networkTrafficLogs" time="8.830"/>
  <system-out/>
</testsuite> <!-- selenium4features.InterceptNetworkTrafficLogs -->
