<?xml version="1.0" encoding="UTF-8"?>
<!-- Generated by org.testng.reporters.JUnitReportReporter -->
<testsuite hostname="DU1LSITA112PPH" failures="0" tests="1" name="selenium4features.LoadInsecureWebSiteUsingCDP" time="23.061" errors="0" timestamp="2023-04-05T14:11:50 IST" skipped="0">
  <testcase classname="selenium4features.LoadInsecureWebSiteUsingCDP" name="loadInsecureWebSite" time="23.061"/>
  <system-out/>
</testsuite> <!-- selenium4features.LoadInsecureWebSiteUsingCDP -->
