<?xml version="1.0" encoding="UTF-8"?>
<!-- Generated by org.testng.reporters.JUnitReportReporter -->
<testsuite hostname="DU1LSITA112PPH" failures="0" tests="1" name="selenium4features.PrintPageToPDF" time="7.802" errors="0" timestamp="2023-04-05T15:39:53 IST" skipped="0">
  <testcase classname="selenium4features.PrintPageToPDF" name="printPDF" time="7.802"/>
  <system-out/>
</testsuite> <!-- selenium4features.PrintPageToPDF -->
