<?xml version="1.0" encoding="UTF-8"?>
<!-- Generated by org.testng.reporters.JUnitReportReporter -->
<testsuite hostname="DU1LSITA112PPH" failures="0" tests="1" name="selenium4features.BasicAuthUsingCDP" time="6.523" errors="0" timestamp="2023-04-04T18:45:17 IST" skipped="0">
  <testcase classname="selenium4features.BasicAuthUsingCDP" name="basicAuthCDPTest" time="6.523"/>
  <system-out/>
</testsuite> <!-- selenium4features.BasicAuthUsingCDP -->
