<?xml version="1.0" encoding="UTF-8"?>
<!-- Generated by org.testng.reporters.JUnitReportReporter -->
<testsuite hostname="DU1LSITA112PPH" failures="0" tests="1" name="selenium4features.MonteScreenRecorderAPI" time="21.879" errors="0" timestamp="2023-04-05T17:28:53 IST" skipped="0">
  <testcase classname="selenium4features.MonteScreenRecorderAPI" name="monteAPI" time="21.879"/>
  <system-out/>
</testsuite> <!-- selenium4features.MonteScreenRecorderAPI -->
