<?xml version="1.0" encoding="UTF-8"?>
<!-- Generated by org.testng.reporters.JUnitReportReporter -->
<testsuite hostname="DU1LSITA112PPH" failures="0" tests="1" name="selenium4features.EmulateOfflineNetworkUsingCDP" time="7.344" errors="0" timestamp="2023-04-05T13:34:53 IST" skipped="0">
  <testcase classname="selenium4features.EmulateOfflineNetworkUsingCDP" name="offlineNetworkMode" time="7.344"/>
  <system-out/>
</testsuite> <!-- selenium4features.EmulateOfflineNetworkUsingCDP -->
