<?xml version="1.0" encoding="UTF-8"?>
<!-- Generated by org.testng.reporters.JUnitReportReporter -->
<testsuite hostname="DU1LSITA112PPH" failures="0" tests="1" name="selenium4features.ResponsiveTestingInMobileModeInBrowserUsingCDP" time="18.699" errors="0" timestamp="2023-04-05T16:08:06 IST" skipped="0">
  <testcase classname="selenium4features.ResponsiveTestingInMobileModeInBrowserUsingCDP" name="responsiveMode" time="18.699"/>
  <system-out/>
</testsuite> <!-- selenium4features.ResponsiveTestingInMobileModeInBrowserUsingCDP -->
